This is pdfTeX, Version 3.1415926-2.4-1.40.13 (MiKTeX 2.9) (preloaded format=pdftex 2013.1.4)  15 MAR 2014 14:51
entering extended mode
**D:/Studia/Informatyka/II*st/Praca*magisterska/praca_mgr_latex/bibliografia.bi
b

("D:/Studia/Informatyka/II st/Praca magisterska/praca_mgr_latex/bibliografia.bi
b"
! Missing $ inserted.
<inserted text> 
                $
<to be read again> 
                   _
l.1 @book{fractals_
                   and_chaos_an_illustrated_course,
? 
! Emergency stop.
<inserted text> 
                $
<to be read again> 
                   _
l.1 @book{fractals_
                   and_chaos_an_illustrated_course,
End of file on the terminal!

!  ==> Fatal error occurred, no output PDF file produced!
