\BOOKMARK [0][-]{chapter*.2}{Wstep}{}% 1
\BOOKMARK [0][-]{chapter.1}{Wielomiany interpolacyjne Lagrange'a}{}% 2
\BOOKMARK [1][-]{section.1.1}{Wielomiany Lagrange'a dla funkcji jednej zmiennej}{chapter.1}% 3
\BOOKMARK [1][-]{section.1.2}{Wielomiany Lagrange'a dla funkcji dw\363ch zmiennych}{chapter.1}% 4
\BOOKMARK [0][-]{chapter.2}{Kwadratury Newtona-Cotesa dla ca\233ki pojedynczej}{}% 5
\BOOKMARK [1][-]{section.2.1}{Wz\363r trapez\363w}{chapter.2}% 6
\BOOKMARK [1][-]{section.2.2}{Wz\363r Simpsona}{chapter.2}% 7
\BOOKMARK [1][-]{section.2.3}{Wz\363r prostokat\363w}{chapter.2}% 8
\BOOKMARK [0][-]{chapter.3}{Kwadratury Newtona-Cotesa dla ca\233ek podw\363jnych}{}% 9
\BOOKMARK [1][-]{section.3.1}{Wz\363r trapez\363w}{chapter.3}% 10
\BOOKMARK [2][-]{subsection.3.1.1}{Ca\233kowanie po obszarze normalnym}{section.3.1}% 11
\BOOKMARK [2][-]{subsection.3.1.2}{Ca\233kowanie po obszarze normalnym ze wzgledu na jedna zmienna}{section.3.1}% 12
\BOOKMARK [1][-]{section.3.2}{Wz\363r Simpsona}{chapter.3}% 13
\BOOKMARK [2][-]{subsection.3.2.1}{Ca\233kowanie po obszarze normalnym}{section.3.2}% 14
\BOOKMARK [2][-]{subsection.3.2.2}{Ca\233kowanie po obszarze normalnym ze wzgledu na jedna zmienna}{section.3.2}% 15
\BOOKMARK [1][-]{section.3.3}{Wz\363r 'prostokat\363w'}{chapter.3}% 16
\BOOKMARK [0][-]{chapter.4}{Zastosowanie kwadratur do obliczania ca\233ek po obszarach zadanych opisem parametrycznym}{}% 17
\BOOKMARK [0][-]{chapter*.11}{Podsumowanie}{}% 18
\BOOKMARK [0][-]{chapter*.12}{Bibliografia}{}% 19
\BOOKMARK [0][-]{chapter*.12}{Spis procedur w jezyku Maple}{}% 20
